c:\users\camil\documents\projetos\jogo\game\game\debug\vc142.pdb
c:\users\camil\documents\projetos\jogo\game\game\debug\vc142.idb
c:\users\camil\documents\projetos\jogo\game\game\debug\obstaculo.obj
c:\users\camil\documents\projetos\jogo\game\game\debug\menu.obj
c:\users\camil\documents\projetos\jogo\game\game\debug\main.obj
c:\users\camil\documents\projetos\jogo\game\game\debug\jogo.obj
c:\users\camil\documents\projetos\jogo\game\game\debug\jogador.obj
c:\users\camil\documents\projetos\jogo\game\game\debug\inimigo.obj
c:\users\camil\documents\projetos\jogo\game\game\debug\gerenciador_grafico.obj
c:\users\camil\documents\projetos\jogo\game\game\debug\gerenciador_evento.obj
c:\users\camil\documents\projetos\jogo\game\game\debug\gerenciador_colisoes.obj
c:\users\camil\documents\projetos\jogo\game\game\debug\fase_segunda.obj
c:\users\camil\documents\projetos\jogo\game\game\debug\fase_primeira.obj
c:\users\camil\documents\projetos\jogo\game\game\debug\fase.obj
c:\users\camil\documents\projetos\jogo\game\game\debug\esqueleto.obj
c:\users\camil\documents\projetos\jogo\game\game\debug\espinho.obj
c:\users\camil\documents\projetos\jogo\game\game\debug\escudeiro.obj
c:\users\camil\documents\projetos\jogo\game\game\debug\entidade.obj
c:\users\camil\documents\projetos\jogo\game\game\debug\ente.obj
c:\users\camil\documents\projetos\jogo\game\game\debug\corpo.obj
c:\users\camil\documents\projetos\jogo\game\game\debug\cavaleiro.obj
c:\users\camil\documents\projetos\jogo\game\game\debug\botao.obj
c:\users\camil\documents\projetos\jogo\game\game\debug\texto.obj
c:\users\camil\documents\projetos\jogo\game\game\debug\raposa.obj
c:\users\camil\documents\projetos\jogo\game\game\debug\projetil.obj
c:\users\camil\documents\projetos\jogo\game\game\debug\plataforma.obj
c:\users\camil\documents\projetos\jogo\game\game\debug\pinoeletrico.obj
c:\users\camil\documents\projetos\jogo\game\game\debug\personagem.obj
c:\users\camil\documents\projetos\jogo\game\game\debug\passaro.obj
c:\users\camil\documents\projetos\jogo\game\game\debug\game.ilk
c:\users\camil\documents\projetos\jogo\game\debug\game.pdb
c:\users\camil\documents\projetos\jogo\game\debug\game.exe
c:\users\camil\documents\projetos\jogo\game\game\debug\game.tlog\cl.command.1.tlog
c:\users\camil\documents\projetos\jogo\game\game\debug\game.tlog\cl.read.1.tlog
c:\users\camil\documents\projetos\jogo\game\game\debug\game.tlog\cl.write.1.tlog
c:\users\camil\documents\projetos\jogo\game\game\debug\game.tlog\link.command.1.tlog
c:\users\camil\documents\projetos\jogo\game\game\debug\game.tlog\link.read.1.tlog
c:\users\camil\documents\projetos\jogo\game\game\debug\game.tlog\link.write.1.tlog
